<?xml version="1.0" encoding="UTF-8"?>
<!-- Generated by org.testng.reporters.JUnitXMLReporter -->
<testsuite ignored="2" hostname="MacBook-Air.local" failures="1" tests="1" name="Surefire test" time="11.145" errors="0" timestamp="2026-05-01T14:34:48 PDT">
  <testcase classname="tests.RecruitTest" name="filterTableByQALeadVanancies" time="6.26">
    <failure type="org.openqa.selenium.TimeoutException" message="Expected condition failed: waiting for visibility of element found by By.xpath: //span[contains(text(),&amp;apos;Records Found&amp;apos;)], but... org.openqa.selenium.NoSuchElementException: no such element: Unable to locate element: {&amp;quot;method&amp;quot;:&amp;quot;xpath&amp;quot;,&amp;quot;selector&amp;quot;:&amp;quot;//span[contains(text(),&amp;apos;Records Found&amp;apos;)]&amp;quot;}.
(tried for 5 seconds with 500 milliseconds interval)
Build info: version: &amp;apos;4.41.0&amp;apos;, revision: &amp;apos;9fc754f&amp;apos;
System info: os.name: &amp;apos;Mac OS X&amp;apos;, os.arch: &amp;apos;aarch64&amp;apos;, os.version: &amp;apos;26.4.1&amp;apos;, java.version: &amp;apos;22.0.1&amp;apos;
Driver info: org.openqa.selenium.chrome.ChromeDriver
Capabilities {acceptInsecureCerts: false, browserName: chrome, browserVersion: 147.0.7727.138, chrome: {chromedriverVersion: 147.0.7727.117 (474cc805edd..., userDataDir: /var/folders/1p/_18sr4t9289...}, fedcm:accounts: true, goog:chromeOptions: {debuggerAddress: localhost:63201}, goog:processID: 11632, networkConnectionEnabled: false, pageLoadStrategy: normal, platformName: mac, proxy: Proxy(), se:cdp: ws://localhost:63201/devtoo..., se:cdpVersion: 147.0.7727.138, setWindowRect: true, strictFileInteractability: false, timeouts: {implicit: 0, pageLoad: 300000, script: 30000}, unhandledPromptBehavior: dismiss and notify, webauthn:extension:credBlob: true, webauthn:extension:largeBlob: true, webauthn:extension:minPinLength: true, webauthn:extension:prf: true, webauthn:virtualAuthenticators: true}
Session ID: 7cc4bc9efee7fa1b4c780f81c12ae7cc">
      <![CDATA[org.openqa.selenium.TimeoutException: Expected condition failed: waiting for visibility of element found by By.xpath: //span[contains(text(),'Records Found')], but... org.openqa.selenium.NoSuchElementException: no such element: Unable to locate element: {"method":"xpath","selector":"//span[contains(text(),'Records Found')]"}.
(tried for 5 seconds with 500 milliseconds interval)
Build info: version: '4.41.0', revision: '9fc754f'
System info: os.name: 'Mac OS X', os.arch: 'aarch64', os.version: '26.4.1', java.version: '22.0.1'
Driver info: org.openqa.selenium.chrome.ChromeDriver
Capabilities {acceptInsecureCerts: false, browserName: chrome, browserVersion: 147.0.7727.138, chrome: {chromedriverVersion: 147.0.7727.117 (474cc805edd..., userDataDir: /var/folders/1p/_18sr4t9289...}, fedcm:accounts: true, goog:chromeOptions: {debuggerAddress: localhost:63201}, goog:processID: 11632, networkConnectionEnabled: false, pageLoadStrategy: normal, platformName: mac, proxy: Proxy(), se:cdp: ws://localhost:63201/devtoo..., se:cdpVersion: 147.0.7727.138, setWindowRect: true, strictFileInteractability: false, timeouts: {implicit: 0, pageLoad: 300000, script: 30000}, unhandledPromptBehavior: dismiss and notify, webauthn:extension:credBlob: true, webauthn:extension:largeBlob: true, webauthn:extension:minPinLength: true, webauthn:extension:prf: true, webauthn:virtualAuthenticators: true}
Session ID: 7cc4bc9efee7fa1b4c780f81c12ae7cc
at org.openqa.selenium.support.ui.WebDriverWait.timeoutException(WebDriverWait.java:85)
at org.openqa.selenium.support.ui.FluentWait.until(FluentWait.java:233)
at com.base.BasePage.waitFor(BasePage.java:22)
at com.pages.RecruitePage.getResultsText(RecruitePage.java:33)
at tests.RecruitTest.filterTableByQALeadVanancies(RecruitTest.java:41)
at java.base/java.util.ArrayList.forEach(ArrayList.java:1597)
... Removed 30 stack frames]]>
    </failure>
  </testcase> <!-- filterTableByQALeadVanancies -->
  <testcase classname="tests.RecruitTest" name="vacanciesTableHasCorrectColumns" time="0.0">
    <ignored/>
  </testcase> <!-- vacanciesTableHasCorrectColumns -->
  <testcase classname="tests.RecruitTest" name="showVacancies" time="0.0">
    <ignored/>
  </testcase> <!-- showVacancies -->
</testsuite> <!-- Surefire test -->
